consumer_from_oldest    | Received: {'current_time': '2024-09-26 14:40:52'}
consumer_from_oldest    | Received: {'current_time': '2024-09-26 14:40:53'}
consumer_from_oldest    | Received: {'current_time': '2024-09-26 14:40:54'}
consumer_from_oldest    | Received: {'current_time': '2024-09-26 14:40:55'}
consumer_from_oldest    | Received: {'current_time': '2024-09-26 14:40:56'}
consumer_from_oldest    | Received: {'current_time': '2024-09-26 14:40:57'}
consumer_from_oldest    | Received: {'current_time': '2024-09-26 14:40:58'}
consumer_from_oldest    | Received: {'current_time': '2024-09-26 14:40:59'}
consumer_from_oldest    | Received: {'current_time': '2024-09-26 14:41:00'}
consumer_from_oldest    | Received: {'current_time': '2024-09-26 14:41:01'}
consumer_from_oldest    | Received: {'current_time': '2024-09-26 14:41:02'}
consumer_from_oldest    | Received: {'current_time': '2024-09-26 14:41:03'}
consumer_from_oldest    | Received: {'current_time': '2024-09-26 14:41:04'}
consumer_from_oldest    | Received: {'current_time': '2024-09-26 14:41:05'}
consumer_from_oldest    | Received: {'current_time': '2024-09-26 14:41:06'}
consumer_from_oldest    | Received: {'current_time': '2024-09-26 14:41:07'}
consumer_from_oldest    | Received: {'current_time': '2024-09-26 14:41:08'}
consumer_from_oldest    | Received: {'current_time': '2024-09-26 14:41:09'}
consumer_from_oldest    | Received: {'current_time': '2024-09-26 14:41:10'}
consumer_from_oldest    | Received: {'current_time': '2024-09-26 14:41:11'}
consumer_from_oldest    | Received: {'current_time': '2024-09-26 14:41:12'}
consumer_from_oldest    | Received: {'current_time': '2024-09-26 14:41:13'}
consumer_from_oldest    | Received: {'current_time': '2024-09-26 14:41:14'}
consumer_from_oldest    | Received: {'current_time': '2024-09-26 14:41:15'}
consumer_from_oldest    | Received: {'current_time': '2024-09-26 14:41:16'}
consumer_from_oldest    | Received: {'current_time': '2024-09-26 14:41:17'}
consumer_from_oldest    | Received: {'current_time': '2024-09-26 14:41:18'}
consumer_from_oldest    | Received: {'current_time': '2024-09-26 14:41:19'}
consumer_from_oldest    | Received: {'current_time': '2024-09-26 14:41:20'}
consumer_from_oldest    | Received: {'current_time': '2024-09-26 14:41:21'}
consumer_from_oldest    | Received: {'current_time': '2024-09-26 14:41:22'}
consumer_from_oldest    | Received: {'current_time': '2024-09-26 14:41:23'}
consumer_from_oldest    | Received: {'current_time': '2024-09-26 14:41:24'}
consumer_from_oldest    | Received: {'current_time': '2024-09-26 14:41:35'}
consumer_from_oldest    | Received: {'current_time': '2024-09-26 14:41:36'}
consumer_from_oldest    | Received: {'current_time': '2024-09-26 14:41:37'}
consumer_from_oldest    | Received: {'current_time': '2024-09-26 14:41:38'}
kafka-producer          | Sent: {'current_time': '2024-09-26 14:41:39'}
consumer_from_newest    | Received: {'current_time': '2024-09-26 14:41:39'}
consumer_from_oldest    | Received: {'current_time': '2024-09-26 14:41:39'}
kafka-producer          | Sent: {'current_time': '2024-09-26 14:41:40'}
consumer_from_oldest    | Received: {'current_time': '2024-09-26 14:41:40'}
consumer_from_newest    | Received: {'current_time': '2024-09-26 14:41:40'}
kafka-producer          | Sent: {'current_time': '2024-09-26 14:41:41'}
consumer_from_newest    | Received: {'current_time': '2024-09-26 14:41:41'}
consumer_from_oldest    | Received: {'current_time': '2024-09-26 14:41:41'}
kafka                   | [2024-09-26 14:41:41,741] INFO [GroupCoordinator 1]: Member kafka-python-2.0.2-424131e3-fcd1-4a48-af30-a77675b960c6 in group 3a6f1e04-f26a-4429-9786-3d596c123c04 has failed, removing it from the group (kafka.coordinator.group.GroupCoordinator)
kafka                   | [2024-09-26 14:41:41,742] INFO [GroupCoordinator 1]: Preparing to rebalance group 3a6f1e04-f26a-4429-9786-3d596c123c04 in state PreparingRebalance with old generation 1 (__consumer_offsets-43) (reason: removing member kafka-python-2.0.2-424131e3-fcd1-4a48-af30-a77675b960c6 on heartbeat expiration) (kafka.coordinator.group.GroupCoordinator)
kafka                   | [2024-09-26 14:41:41,742] INFO [GroupCoordinator 1]: Group 3a6f1e04-f26a-4429-9786-3d596c123c04 with generation 2 is now empty (__consumer_offsets-43) (kafka.coordinator.group.GroupCoordinator)
kafka                   | [2024-09-26 14:41:41,743] INFO [GroupCoordinator 1]: Member kafka-python-2.0.2-b300bf78-6421-4763-ad13-42ee7d93b1d3 in group 9d5115f5-6642-497d-9bde-d869131715ca has failed, removing it from the group (kafka.coordinator.group.GroupCoordinator)
kafka                   | [2024-09-26 14:41:41,743] INFO [GroupCoordinator 1]: Preparing to rebalance group 9d5115f5-6642-497d-9bde-d869131715ca in state PreparingRebalance with old generation 1 (__consumer_offsets-1) (reason: removing member kafka-python-2.0.2-b300bf78-6421-4763-ad13-42ee7d93b1d3 on heartbeat expiration) (kafka.coordinator.group.GroupCoordinator)
kafka                   | [2024-09-26 14:41:41,743] INFO [GroupCoordinator 1]: Group 9d5115f5-6642-497d-9bde-d869131715ca with generation 2 is now empty (__consumer_offsets-1) (kafka.coordinator.group.GroupCoordinator)
kafka-producer          | Sent: {'current_time': '2024-09-26 14:41:42'}
consumer_from_newest    | Received: {'current_time': '2024-09-26 14:41:42'}
consumer_from_oldest    | Received: {'current_time': '2024-09-26 14:41:42'}
kafka-producer          | Sent: {'current_time': '2024-09-26 14:41:43'}
consumer_from_newest    | Received: {'current_time': '2024-09-26 14:41:43'}
consumer_from_oldest    | Received: {'current_time': '2024-09-26 14:41:43'}
kafka-producer          | Sent: {'current_time': '2024-09-26 14:41:44'}
consumer_from_newest    | Received: {'current_time': '2024-09-26 14:41:44'}
consumer_from_oldest    | Received: {'current_time': '2024-09-26 14:41:44'}
kafka-producer          | Sent: {'current_time': '2024-09-26 14:41:45'}
consumer_from_newest    | Received: {'current_time': '2024-09-26 14:41:45'}
consumer_from_oldest    | Received: {'current_time': '2024-09-26 14:41:45'}
kafka-producer          | Sent: {'current_time': '2024-09-26 14:41:46'}
consumer_from_oldest    | Received: {'current_time': '2024-09-26 14:41:46'}
consumer_from_newest    | Received: {'current_time': '2024-09-26 14:41:46'}
kafka-producer          | Sent: {'current_time': '2024-09-26 14:41:47'}
consumer_from_oldest    | Received: {'current_time': '2024-09-26 14:41:47'}
consumer_from_newest    | Received: {'current_time': '2024-09-26 14:41:47'}
kafka-producer          | Sent: {'current_time': '2024-09-26 14:41:48'}
consumer_from_oldest    | Received: {'current_time': '2024-09-26 14:41:48'}
consumer_from_newest    | Received: {'current_time': '2024-09-26 14:41:48'}
consumer_batch_message  | Received: {'current_time': '2024-09-26 14:41:39'}
consumer_batch_message  | Received: {'current_time': '2024-09-26 14:41:40'}
consumer_batch_message  | Received: {'current_time': '2024-09-26 14:41:41'}
consumer_batch_message  | Received: {'current_time': '2024-09-26 14:41:42'}
consumer_batch_message  | Received: {'current_time': '2024-09-26 14:41:43'}
consumer_batch_message  | Received: {'current_time': '2024-09-26 14:41:44'}
consumer_batch_message  | Received: {'current_time': '2024-09-26 14:41:45'}
consumer_batch_message  | Received: {'current_time': '2024-09-26 14:41:46'}
consumer_batch_message  | Received: {'current_time': '2024-09-26 14:41:47'}
consumer_batch_message  | Received: {'current_time': '2024-09-26 14:41:48'}
kafka-producer          | Sent: {'current_time': '2024-09-26 14:41:49'}
consumer_from_newest    | Received: {'current_time': '2024-09-26 14:41:49'}
consumer_from_oldest    | Received: {'current_time': '2024-09-26 14:41:49'}
kafka-producer          | Sent: {'current_time': '2024-09-26 14:41:50'}
consumer_from_newest    | Received: {'current_time': '2024-09-26 14:41:50'}
consumer_from_oldest    | Received: {'current_time': '2024-09-26 14:41:50'}
kafka-producer          | Sent: {'current_time': '2024-09-26 14:41:51'}
consumer_from_newest    | Received: {'current_time': '2024-09-26 14:41:51'}